Arguments: 
  /Users/paul/.nvm/versions/node/v16.14.2/bin/node /opt/homebrew/bin/yarn add BN

PATH: 
  /opt/homebrew/opt/curl/bin:/opt/homebrew/opt/llvm/bin:/Users/paul/.nvm/versions/node/v16.14.2/bin:/Users/paul/.local/share/solana/install/active_release/bin:/opt/homebrew/bin:/opt/homebrew/sbin:/usr/local/bin:/usr/bin:/bin:/usr/sbin:/sbin:/Users/paul/.cargo/bin:/Users/paul/go_dir/bin:/usr/local/opt/go/libexec/bin

Yarn version: 
  1.22.17

Node version: 
  16.14.2

Platform: 
  darwin arm64

Trace: 
  Error: https://registry.yarnpkg.com/BN: Not found
      at Request.params.callback [as _callback] (/opt/homebrew/lib/node_modules/yarn/lib/cli.js:67029:18)
      at Request.self.callback (/opt/homebrew/lib/node_modules/yarn/lib/cli.js:140883:22)
      at Request.emit (node:events:526:28)
      at Request.<anonymous> (/opt/homebrew/lib/node_modules/yarn/lib/cli.js:141855:10)
      at Request.emit (node:events:526:28)
      at IncomingMessage.<anonymous> (/opt/homebrew/lib/node_modules/yarn/lib/cli.js:141777:12)
      at Object.onceWrapper (node:events:645:28)
      at IncomingMessage.emit (node:events:538:35)
      at endReadableNT (node:internal/streams/readable:1345:12)
      at processTicksAndRejections (node:internal/process/task_queues:83:21)

npm manifest: 
  {
    "name": "cli",
    "version": "1.0.0",
    "main": "index.js",
    "license": "MIT",
    "dependencies": {
      "@polkadot/api": "^8.11.3",
      "@polkadot/keyring": "^10.0.1",
      "axios": "^0.27.2",
      "bn.js": "^5.2.1"
    }
  }

yarn manifest: 
  No manifest

Lockfile: 
  # THIS IS AN AUTOGENERATED FILE. DO NOT EDIT THIS FILE DIRECTLY.
  # yarn lockfile v1
  
  
  "@babel/runtime@^7.18.6":
    version "7.18.6"
    resolved "https://registry.yarnpkg.com/@babel/runtime/-/runtime-7.18.6.tgz#6a1ef59f838debd670421f8c7f2cbb8da9751580"
    integrity sha512-t9wi7/AW6XtKahAe20Yw0/mMljKq0B1r2fPdvaAdV/KPDZewFXdaaa6K7lxmZBZ8FBNpCiAT6iHPmd6QO9bKfQ==
    dependencies:
      regenerator-runtime "^0.13.4"
  
  "@noble/hashes@1.1.2":
    version "1.1.2"
    resolved "https://registry.yarnpkg.com/@noble/hashes/-/hashes-1.1.2.tgz#e9e035b9b166ca0af657a7848eb2718f0f22f183"
    integrity sha512-KYRCASVTv6aeUi1tsF8/vpyR7zpfs3FUzy2Jqm+MU+LmUKhQ0y2FpfwqkCcxSg2ua4GALJd8k2R76WxwZGbQpA==
  
  "@noble/secp256k1@1.6.0":
    version "1.6.0"
    resolved "https://registry.yarnpkg.com/@noble/secp256k1/-/secp256k1-1.6.0.tgz#602afbbfcfb7e169210469b697365ef740d7e930"
    integrity sha512-DWSsg8zMHOYMYBqIQi96BQuthZrp98LCeMNcUOaffCIVYQ5yxDbNikLF+H7jEnmNNmXbtVic46iCuVWzar+MgA==
  
  "@polkadot/api-augment@8.12.2":
    version "8.12.2"
    resolved "https://registry.yarnpkg.com/@polkadot/api-augment/-/api-augment-8.12.2.tgz#413ae9c99df0a4fb2135fee3f7b9e0caa913fcfd"
    integrity sha512-HbvNOu6ntago8nYqLkq/HZ+gsMhbKe/sD4hPIFPruhP6OAnW6TWNIlqc2ruFx2KrT0rfzXUZ4Gmk4WgyRFuz4Q==
    dependencies:
      "@babel/runtime" "^7.18.6"
      "@polkadot/api-base" "8.12.2"
      "@polkadot/rpc-augment" "8.12.2"
      "@polkadot/types" "8.12.2"
      "@polkadot/types-augment" "8.12.2"
      "@polkadot/types-codec" "8.12.2"
      "@polkadot/util" "^10.0.2"
  
  "@polkadot/api-base@8.12.2":
    version "8.12.2"
    resolved "https://registry.yarnpkg.com/@polkadot/api-base/-/api-base-8.12.2.tgz#15fbf89b14d6918027b7bf7f87b218a675ae82d6"
    integrity sha512-5rLOCulXNU/g0rUVoW6ArQjOBq/07S6oKR9nOJls6W4PUhYcBIClCTlXx2uoDszMdwhEhYyHQ67bnoTcRrYcLA==
    dependencies:
      "@babel/runtime" "^7.18.6"
      "@polkadot/rpc-core" "8.12.2"
      "@polkadot/types" "8.12.2"
      "@polkadot/util" "^10.0.2"
      rxjs "^7.5.5"
  
  "@polkadot/api-derive@8.12.2":
    version "8.12.2"
    resolved "https://registry.yarnpkg.com/@polkadot/api-derive/-/api-derive-8.12.2.tgz#eec954f6421356caf52584fe5c15e7d96c6c3d29"
    integrity sha512-F7HCAVNXLQphv7OYVcq7GM5CP6RzGvYfTqutmc5GZFCDVMDY9RQA+a/3T5BIjJXrtepPa0pcYvt9fcovsazhZw==
    dependencies:
      "@babel/runtime" "^7.18.6"
      "@polkadot/api" "8.12.2"
      "@polkadot/api-augment" "8.12.2"
      "@polkadot/api-base" "8.12.2"
      "@polkadot/rpc-core" "8.12.2"
      "@polkadot/types" "8.12.2"
      "@polkadot/types-codec" "8.12.2"
      "@polkadot/util" "^10.0.2"
      "@polkadot/util-crypto" "^10.0.2"
      rxjs "^7.5.5"
  
  "@polkadot/api@8.12.2", "@polkadot/api@^8.11.3":
    version "8.12.2"
    resolved "https://registry.yarnpkg.com/@polkadot/api/-/api-8.12.2.tgz#5ade99fd595b712f647cf4d63ce5a6daa6d0fff7"
    integrity sha512-bK3bhCFqCYTx/K/89QF88jYqE3Dc1LmCwMnwpof6adlAj5DoEjRfSmKarqrZqox516Xph1+84ACNkyem0KnIWA==
    dependencies:
      "@babel/runtime" "^7.18.6"
      "@polkadot/api-augment" "8.12.2"
      "@polkadot/api-base" "8.12.2"
      "@polkadot/api-derive" "8.12.2"
      "@polkadot/keyring" "^10.0.2"
      "@polkadot/rpc-augment" "8.12.2"
      "@polkadot/rpc-core" "8.12.2"
      "@polkadot/rpc-provider" "8.12.2"
      "@polkadot/types" "8.12.2"
      "@polkadot/types-augment" "8.12.2"
      "@polkadot/types-codec" "8.12.2"
      "@polkadot/types-create" "8.12.2"
      "@polkadot/types-known" "8.12.2"
      "@polkadot/util" "^10.0.2"
      "@polkadot/util-crypto" "^10.0.2"
      eventemitter3 "^4.0.7"
      rxjs "^7.5.5"
  
  "@polkadot/keyring@^10.0.1", "@polkadot/keyring@^10.0.2":
    version "10.0.2"
    resolved "https://registry.yarnpkg.com/@polkadot/keyring/-/keyring-10.0.2.tgz#4e6cc008a16cf7bb1b95694857c16295ca2135ae"
    integrity sha512-N/lx/e9alR/lUREap4hQ/YKa+CKCFIa4QOKLz8eFhpqhbA5M5nQcjrppitO+sX/XlpmbOBpbnO168cU2dA09Iw==
    dependencies:
      "@babel/runtime" "^7.18.6"
      "@polkadot/util" "10.0.2"
      "@polkadot/util-crypto" "10.0.2"
  
  "@polkadot/networks@10.0.2", "@polkadot/networks@^10.0.2":
    version "10.0.2"
    resolved "https://registry.yarnpkg.com/@polkadot/networks/-/networks-10.0.2.tgz#864f08cdbd4cf7c65a82721f3008169222a53148"
    integrity sha512-K7hUFmErTrBtkobhvFwT/oPEQrI1oVr7WfngquM+zN0oHiHzRspecxifGKsQ1kw78F7zrZKOBScW/hoJbdI8fA==
    dependencies:
      "@babel/runtime" "^7.18.6"
      "@polkadot/util" "10.0.2"
      "@substrate/ss58-registry" "^1.23.0"
  
  "@polkadot/rpc-augment@8.12.2":
    version "8.12.2"
    resolved "https://registry.yarnpkg.com/@polkadot/rpc-augment/-/rpc-augment-8.12.2.tgz#7afe41a6230a117485991ce108f6ffe341e72bb3"
    integrity sha512-FKVMmkYhWJNcuXpRN9t7xTX5agSgcgniP8gNPMhL6GV8lV3Xoxs8gLgVy32xeAh7gxArN/my6LnYPtXVkdFALQ==
    dependencies:
      "@babel/runtime" "^7.18.6"
      "@polkadot/rpc-core" "8.12.2"
      "@polkadot/types" "8.12.2"
      "@polkadot/types-codec" "8.12.2"
      "@polkadot/util" "^10.0.2"
  
  "@polkadot/rpc-core@8.12.2":
    version "8.12.2"
    resolved "https://registry.yarnpkg.com/@polkadot/rpc-core/-/rpc-core-8.12.2.tgz#d8d53240276f0e2df3f4e6540acbb35949a2c56e"
    integrity sha512-RLhzNYJonfsQXYhZuyVBSsOwSgCf+8ijS3aUcv06yrFf26k7nXw2Uc4P0Io3jY/wq5LnvkKzL+HSj6j7XZ+/Sg==
    dependencies:
      "@babel/runtime" "^7.18.6"
      "@polkadot/rpc-augment" "8.12.2"
      "@polkadot/rpc-provider" "8.12.2"
      "@polkadot/types" "8.12.2"
      "@polkadot/util" "^10.0.2"
      rxjs "^7.5.5"
  
  "@polkadot/rpc-provider@8.12.2":
    version "8.12.2"
    resolved "https://registry.yarnpkg.com/@polkadot/rpc-provider/-/rpc-provider-8.12.2.tgz#e3f6ddf98955bb4a8431342f5f9d39dc01c3555b"
    integrity sha512-fgXKAYDmc1kGmOPa2Nuh+LsUBFvUzgzP/tOEbS5UJpoc0+azZfTLWh2AXpo/gVHblR6zZBDWrB3wmGzu6wF17A==
    dependencies:
      "@babel/runtime" "^7.18.6"
      "@polkadot/keyring" "^10.0.2"
      "@polkadot/types" "8.12.2"
      "@polkadot/types-support" "8.12.2"
      "@polkadot/util" "^10.0.2"
      "@polkadot/util-crypto" "^10.0.2"
      "@polkadot/x-fetch" "^10.0.2"
      "@polkadot/x-global" "^10.0.2"
      "@polkadot/x-ws" "^10.0.2"
      "@substrate/connect" "0.7.7"
      eventemitter3 "^4.0.7"
      mock-socket "^9.1.5"
      nock "^13.2.8"
  
  "@polkadot/types-augment@8.12.2":
    version "8.12.2"
    resolved "https://registry.yarnpkg.com/@polkadot/types-augment/-/types-augment-8.12.2.tgz#b43d21a993d7cf8c7cd4721a2327e19dd924d255"
    integrity sha512-47+T12u7HV+g22KryirG7fik5lU1tHgu39wLv8YZ/6jD1hVvgE632fvaCp4qje1F3M82aXobfekO+WOPLCZVsg==
    dependencies:
      "@babel/runtime" "^7.18.6"
      "@polkadot/types" "8.12.2"
      "@polkadot/types-codec" "8.12.2"
      "@polkadot/util" "^10.0.2"
  
  "@polkadot/types-codec@8.12.2":
    version "8.12.2"
    resolved "https://registry.yarnpkg.com/@polkadot/types-codec/-/types-codec-8.12.2.tgz#7bec61d0ba751bb2cd72f93b5b81d058fa4affc5"
    integrity sha512-NDa2ZJpJMWC9Un3PtvkyJF86M80gLqSmPyjIR8xxp0DzcD5EsCL8EV79xcOWUGm2lws1C66a4t4He/8ZwPNUqg==
    dependencies:
      "@babel/runtime" "^7.18.6"
      "@polkadot/util" "^10.0.2"
      "@polkadot/x-bigint" "^10.0.2"
  
  "@polkadot/types-create@8.12.2":
    version "8.12.2"
    resolved "https://registry.yarnpkg.com/@polkadot/types-create/-/types-create-8.12.2.tgz#f5fa6e1b1eb2b60372cd61950b1ab1c4482bcfd6"
    integrity sha512-D+Sfj+TwvipO+wl4XbsVkw5AgFdpy5O2JY88CV6L26EGU2OqCcTuenwSGdrsiLWW65m97q9lP7SUphUh39vBhA==
    dependencies:
      "@babel/runtime" "^7.18.6"
      "@polkadot/types-codec" "8.12.2"
      "@polkadot/util" "^10.0.2"
  
  "@polkadot/types-known@8.12.2":
    version "8.12.2"
    resolved "https://registry.yarnpkg.com/@polkadot/types-known/-/types-known-8.12.2.tgz#1b8a18be24b4ee624b90831870d9db227f3cb769"
    integrity sha512-8HCZ3AkczBrCl+TUZD0+2ubLr0BQx+0f/Nnl9yuz1pWygmSEpHrYspmFtDdpMJnNTGZo8vHNOa7smdlijJqlhw==
    dependencies:
      "@babel/runtime" "^7.18.6"
      "@polkadot/networks" "^10.0.2"
      "@polkadot/types" "8.12.2"
      "@polkadot/types-codec" "8.12.2"
      "@polkadot/types-create" "8.12.2"
      "@polkadot/util" "^10.0.2"
  
  "@polkadot/types-support@8.12.2":
    version "8.12.2"
    resolved "https://registry.yarnpkg.com/@polkadot/types-support/-/types-support-8.12.2.tgz#b4f999cc63da21d8b73de621035c9d3e75386d8b"
    integrity sha512-tTksJ4COcVonu/beWQKkF/6fKaArmTwM6iCuxn2PuJziS2Cm1+7D8Rh3ODwwZOseFvHPEco6jnb4DWNclXbZiA==
    dependencies:
      "@babel/runtime" "^7.18.6"
      "@polkadot/util" "^10.0.2"
  
  "@polkadot/types@8.12.2":
    version "8.12.2"
    resolved "https://registry.yarnpkg.com/@polkadot/types/-/types-8.12.2.tgz#c5fd35e1d5cfc52b64b6968b16950d7ab19bb8f7"
    integrity sha512-hOqLunz4YH51B6AvuemX1cXKf+O8pehEoP3lH+FRKfJ7wyVhqa3WA+aUXhoTQBIuSiOjjC/FEJrRO5AoNO2iCg==
    dependencies:
      "@babel/runtime" "^7.18.6"
      "@polkadot/keyring" "^10.0.2"
      "@polkadot/types-augment" "8.12.2"
      "@polkadot/types-codec" "8.12.2"
      "@polkadot/types-create" "8.12.2"
      "@polkadot/util" "^10.0.2"
      "@polkadot/util-crypto" "^10.0.2"
      rxjs "^7.5.5"
  
  "@polkadot/util-crypto@10.0.2", "@polkadot/util-crypto@^10.0.2":
    version "10.0.2"
    resolved "https://registry.yarnpkg.com/@polkadot/util-crypto/-/util-crypto-10.0.2.tgz#4fd78ebe8d8d95089c8bbff1e4e416fd03f9df4f"
    integrity sha512-0uJFvu5cpRBep0/AcpA8vnXH3gnoe+ADiMKD93AekjxrOVqlrjVHKIf+FbiGv1paRKISxoO5Q2j7nCvDsi1q5w==
    dependencies:
      "@babel/runtime" "^7.18.6"
      "@noble/hashes" "1.1.2"
      "@noble/secp256k1" "1.6.0"
      "@polkadot/networks" "10.0.2"
      "@polkadot/util" "10.0.2"
      "@polkadot/wasm-crypto" "^6.2.3"
      "@polkadot/x-bigint" "10.0.2"
      "@polkadot/x-randomvalues" "10.0.2"
      "@scure/base" "1.1.1"
      ed2curve "^0.3.0"
      tweetnacl "^1.0.3"
  
  "@polkadot/util@10.0.2", "@polkadot/util@^10.0.2":
    version "10.0.2"
    resolved "https://registry.yarnpkg.com/@polkadot/util/-/util-10.0.2.tgz#0ef2b7f5c4e884147c2fd58c4d55f2ee0c437a9a"
    integrity sha512-jE1b6Zzltsb/GJV5sFmTSQOlYLd3fipY+DeLS9J+BbsWZW6uUc5x+FNm4pLrYxF1IqiZxwBv1Vi89L14uWZ1rw==
    dependencies:
      "@babel/runtime" "^7.18.6"
      "@polkadot/x-bigint" "10.0.2"
      "@polkadot/x-global" "10.0.2"
      "@polkadot/x-textdecoder" "10.0.2"
      "@polkadot/x-textencoder" "10.0.2"
      "@types/bn.js" "^5.1.0"
      bn.js "^5.2.1"
  
  "@polkadot/wasm-bridge@6.2.3":
    version "6.2.3"
    resolved "https://registry.yarnpkg.com/@polkadot/wasm-bridge/-/wasm-bridge-6.2.3.tgz#44430710b6f0e7393a69b15decc9123ef5f7ff45"
    integrity sha512-kDPcUF5uCZJeJUlWtjk6u4KRy+RTObZbIMgZKiuCcQn9n3EYWadONvStfIyKaiFCc3VFVivzH1cUwTFxxTNHHQ==
    dependencies:
      "@babel/runtime" "^7.18.6"
  
  "@polkadot/wasm-crypto-asmjs@6.2.3":
    version "6.2.3"
    resolved "https://registry.yarnpkg.com/@polkadot/wasm-crypto-asmjs/-/wasm-crypto-asmjs-6.2.3.tgz#f2e3076bb6013431045d48a56b5ae107cb210e20"
    integrity sha512-d/eH02d/XB/vIGIQwyoFB4zNRb3h5PlWoXolGeVSuoa8476ouEdaWhy64mFwXBmjfluaeCOFXRs+QbxetwrDZg==
    dependencies:
      "@babel/runtime" "^7.18.6"
  
  "@polkadot/wasm-crypto-init@6.2.3":
    version "6.2.3"
    resolved "https://registry.yarnpkg.com/@polkadot/wasm-crypto-init/-/wasm-crypto-init-6.2.3.tgz#0cf3b59e6492cc63bb8dfb0e238fc599697af5a7"
    integrity sha512-jDFD4ITWbvFgsGiRI61lrzI/eobG8VrI9nVCiDBqQZK7mNnGkyIdnFD1prW36uiv6/tkqSiGGvdb7dEKtmsB+Q==
    dependencies:
      "@babel/runtime" "^7.18.6"
      "@polkadot/wasm-bridge" "6.2.3"
      "@polkadot/wasm-crypto-asmjs" "6.2.3"
      "@polkadot/wasm-crypto-wasm" "6.2.3"
  
  "@polkadot/wasm-crypto-wasm@6.2.3":
    version "6.2.3"
    resolved "https://registry.yarnpkg.com/@polkadot/wasm-crypto-wasm/-/wasm-crypto-wasm-6.2.3.tgz#3b47346779881c714e1130374b2f325db9c4fdbf"
    integrity sha512-bYRhYPcR4MBLAZz8liozr8E11r7j6RLkNHu80z65lZ5AWgjDu2MgYfKxZFWZxg8rB6+V1uYFmb7czUiSWOn4Rg==
    dependencies:
      "@babel/runtime" "^7.18.6"
      "@polkadot/wasm-util" "6.2.3"
  
  "@polkadot/wasm-crypto@^6.2.3":
    version "6.2.3"
    resolved "https://registry.yarnpkg.com/@polkadot/wasm-crypto/-/wasm-crypto-6.2.3.tgz#1b52c834a1f609d6820035d61cdfda962990ec57"
    integrity sha512-Jq08uX16YYySanwN/37n/ZzOFv8T2H4NzLaQNjSGNbFdmKzkrlpw369XRNIVhrKGtK4v09O5ZaF5P9qc0EHgsg==
    dependencies:
      "@babel/runtime" "^7.18.6"
      "@polkadot/wasm-bridge" "6.2.3"
      "@polkadot/wasm-crypto-asmjs" "6.2.3"
      "@polkadot/wasm-crypto-init" "6.2.3"
      "@polkadot/wasm-crypto-wasm" "6.2.3"
      "@polkadot/wasm-util" "6.2.3"
  
  "@polkadot/wasm-util@6.2.3":
    version "6.2.3"
    resolved "https://registry.yarnpkg.com/@polkadot/wasm-util/-/wasm-util-6.2.3.tgz#ffccbda4023810ac0e19327830c9bc0d4a5023bc"
    integrity sha512-8BQ9gVSrjdc0MPWN9qtNWlMiK+J8dICu1gZJ+cy/hqKjer2MzwX4SeW2wyL5MkYYHjih3ajMRSoSA+/eY2iEwg==
    dependencies:
      "@babel/runtime" "^7.18.6"
  
  "@polkadot/x-bigint@10.0.2", "@polkadot/x-bigint@^10.0.2":
    version "10.0.2"
    resolved "https://registry.yarnpkg.com/@polkadot/x-bigint/-/x-bigint-10.0.2.tgz#8b69e1adf59444a6fb4397f9869ec1a9a0de1b1a"
    integrity sha512-LtfPi+AyZDNe8jQGVmyDfxGyQDdM6ISZEwJD1ieGd4eUbOkfPmn+1t+0rjtxjISZcyP40fSFcLxtL191jDV8Bw==
    dependencies:
      "@babel/runtime" "^7.18.6"
      "@polkadot/x-global" "10.0.2"
  
  "@polkadot/x-fetch@^10.0.2":
    version "10.0.2"
    resolved "https://registry.yarnpkg.com/@polkadot/x-fetch/-/x-fetch-10.0.2.tgz#d9e2f2115a3c684fdaa8b9496540f0f421ee3719"
    integrity sha512-vsizrcBNeRWWJhE4ZoCUJ0c68wvy3PiR9jH//B1PTV6OaqpdalpwXG6Xtpli8yc0hOOUH/87u8b/x2f/2vhZcQ==
    dependencies:
      "@babel/runtime" "^7.18.6"
      "@polkadot/x-global" "10.0.2"
      "@types/node-fetch" "^2.6.2"
      node-fetch "^3.2.6"
  
  "@polkadot/x-global@10.0.2", "@polkadot/x-global@^10.0.2":
    version "10.0.2"
    resolved "https://registry.yarnpkg.com/@polkadot/x-global/-/x-global-10.0.2.tgz#c60b279a34f8a589d076a03978331e9e6a26d283"
    integrity sha512-IlxSH36RjcQTImufaJCtvommMmkNWbwOy+/Z7FEOKUOcoiPaUhHU3CzWser+EtClckx7qPLY5lZ59Pxf7HWupQ==
    dependencies:
      "@babel/runtime" "^7.18.6"
  
  "@polkadot/x-randomvalues@10.0.2":
    version "10.0.2"
    resolved "https://registry.yarnpkg.com/@polkadot/x-randomvalues/-/x-randomvalues-10.0.2.tgz#b51d58d235e4fae5201f4ef633ee71d8bf23c125"
    integrity sha512-kYbNeeOaDEnNqVhIgh8ds9YC79Tji5/HDqQymx7Xb3YmTagdOAe2klrTRJzVfsUKljzhlVOuF3Zcf/PRNbt/2w==
    dependencies:
      "@babel/runtime" "^7.18.6"
      "@polkadot/x-global" "10.0.2"
  
  "@polkadot/x-textdecoder@10.0.2":
    version "10.0.2"
    resolved "https://registry.yarnpkg.com/@polkadot/x-textdecoder/-/x-textdecoder-10.0.2.tgz#082ee7d5c2e71985e584a858c7b6069dd59475bd"
    integrity sha512-EI1+Osrfadtm4XFfdcjYgV/1yYoPoFaIJfZiPphPSy/4Ceeblmz9T2hWPdJ3uWtPpk6FkhxudB44Y1JuCwXBjg==
    dependencies:
      "@babel/runtime" "^7.18.6"
      "@polkadot/x-global" "10.0.2"
  
  "@polkadot/x-textencoder@10.0.2":
    version "10.0.2"
    resolved "https://registry.yarnpkg.com/@polkadot/x-textencoder/-/x-textencoder-10.0.2.tgz#f3e632ca6d852d3284e6aeef3806bf4450490bf0"
    integrity sha512-iTLC700ExtRFsP+fE+dA5CO0xjQ46XeQqbJxa7wJK3aKrzpogyTLZXc0O5ISE1xltOmsQSA9QOELMP113kZkvA==
    dependencies:
      "@babel/runtime" "^7.18.6"
      "@polkadot/x-global" "10.0.2"
  
  "@polkadot/x-ws@^10.0.2":
    version "10.0.2"
    resolved "https://registry.yarnpkg.com/@polkadot/x-ws/-/x-ws-10.0.2.tgz#505f33911e301fb1aa07cf0807de738ef52414a5"
    integrity sha512-eH8WJ6jKobfUGLRAGj65wKUB2pwbT7RflebQbbcG8Khx9INRjuwLGc+jAiuf0StOZiqVVJsMUayVgsddO8hIvQ==
    dependencies:
      "@babel/runtime" "^7.18.6"
      "@polkadot/x-global" "10.0.2"
      "@types/websocket" "^1.0.5"
      websocket "^1.0.34"
  
  "@scure/base@1.1.1":
    version "1.1.1"
    resolved "https://registry.yarnpkg.com/@scure/base/-/base-1.1.1.tgz#ebb651ee52ff84f420097055f4bf46cfba403938"
    integrity sha512-ZxOhsSyxYwLJj3pLZCefNitxsj093tb2vq90mp2txoYeBqbcjDjqFhyM8eUjq/uFm6zJ+mUuqxlS2FkuSY1MTA==
  
  "@substrate/connect-extension-protocol@^1.0.0":
    version "1.0.0"
    resolved "https://registry.yarnpkg.com/@substrate/connect-extension-protocol/-/connect-extension-protocol-1.0.0.tgz#d452beda84b3ebfcf0e88592a4695e729a91e858"
    integrity sha512-nFVuKdp71hMd/MGlllAOh+a2hAqt8m6J2G0aSsS/RcALZexxF9jodbFc62ni8RDtJboeOfXAHhenYOANvJKPIg==
  
  "@substrate/connect@0.7.7":
    version "0.7.7"
    resolved "https://registry.yarnpkg.com/@substrate/connect/-/connect-0.7.7.tgz#6d162fcec2f5cfb78c137a82dbb35692655fbe2c"
    integrity sha512-uFRF06lC42ZZixxwkzRB61K1uYvR1cTZ7rI98RW7T+eWbCFrafyVk0pk6J+4oN05gZkhou+VK3hrRCU6Doy2xQ==
    dependencies:
      "@substrate/connect-extension-protocol" "^1.0.0"
      "@substrate/smoldot-light" "0.6.19"
      eventemitter3 "^4.0.7"
  
  "@substrate/smoldot-light@0.6.19":
    version "0.6.19"
    resolved "https://registry.yarnpkg.com/@substrate/smoldot-light/-/smoldot-light-0.6.19.tgz#13e897ca9839aecb0dac4ce079ff1cca1dc54cc0"
    integrity sha512-Xi+v1cdURhTwx7NH+9fa1U9m7VGP61GvB6qwev9HrZXlGbQiUIvySxPlH/LMsq3mwgiRYkokPhcaZEHufY7Urg==
    dependencies:
      buffer "^6.0.1"
      pako "^2.0.4"
      websocket "^1.0.32"
  
  "@substrate/ss58-registry@^1.23.0":
    version "1.23.0"
    resolved "https://registry.yarnpkg.com/@substrate/ss58-registry/-/ss58-registry-1.23.0.tgz#6212bf871a882da98799f8dc51de0944d4152b88"
    integrity sha512-LuQje7n48GXSsp1aGI6UEmNVtlh7OzQ6CN1Hd9VGUrshADwMB0lRZ5bxnffmqDR4vVugI7h0NN0AONhIW1eHGg==
  
  "@types/bn.js@^5.1.0":
    version "5.1.0"
    resolved "https://registry.yarnpkg.com/@types/bn.js/-/bn.js-5.1.0.tgz#32c5d271503a12653c62cf4d2b45e6eab8cebc68"
    integrity sha512-QSSVYj7pYFN49kW77o2s9xTCwZ8F2xLbjLLSEVh8D2F4JUhZtPAGOFLTD+ffqksBx/u4cE/KImFjyhqCjn/LIA==
    dependencies:
      "@types/node" "*"
  
  "@types/node-fetch@^2.6.2":
    version "2.6.2"
    resolved "https://registry.yarnpkg.com/@types/node-fetch/-/node-fetch-2.6.2.tgz#d1a9c5fd049d9415dce61571557104dec3ec81da"
    integrity sha512-DHqhlq5jeESLy19TYhLakJ07kNumXWjcDdxXsLUMJZ6ue8VZJj4kLPQVE/2mdHh3xZziNF1xppu5lwmS53HR+A==
    dependencies:
      "@types/node" "*"
      form-data "^3.0.0"
  
  "@types/node@*":
    version "18.0.3"
    resolved "https://registry.yarnpkg.com/@types/node/-/node-18.0.3.tgz#463fc47f13ec0688a33aec75d078a0541a447199"
    integrity sha512-HzNRZtp4eepNitP+BD6k2L6DROIDG4Q0fm4x+dwfsr6LGmROENnok75VGw40628xf+iR24WeMFcHuuBDUAzzsQ==
  
  "@types/websocket@^1.0.5":
    version "1.0.5"
    resolved "https://registry.yarnpkg.com/@types/websocket/-/websocket-1.0.5.tgz#3fb80ed8e07f88e51961211cd3682a3a4a81569c"
    integrity sha512-NbsqiNX9CnEfC1Z0Vf4mE1SgAJ07JnRYcNex7AJ9zAVzmiGHmjKFEk7O4TJIsgv2B1sLEb6owKFZrACwdYngsQ==
    dependencies:
      "@types/node" "*"
  
  asynckit@^0.4.0:
    version "0.4.0"
    resolved "https://registry.yarnpkg.com/asynckit/-/asynckit-0.4.0.tgz#c79ed97f7f34cb8f2ba1bc9790bcc366474b4b79"
    integrity sha512-Oei9OH4tRh0YqU3GxhX79dM/mwVgvbZJaSNaRk+bshkj0S5cfHcgYakreBjrHwatXKbz+IoIdYLxrKim2MjW0Q==
  
  axios@^0.27.2:
    version "0.27.2"
    resolved "https://registry.yarnpkg.com/axios/-/axios-0.27.2.tgz#207658cc8621606e586c85db4b41a750e756d972"
    integrity sha512-t+yRIyySRTp/wua5xEr+z1q60QmLq8ABsS5O9Me1AsE5dfKqgnCFzwiCZZ/cGNd1lq4/7akDWMxdhVlucjmnOQ==
    dependencies:
      follow-redirects "^1.14.9"
      form-data "^4.0.0"
  
  base64-js@^1.3.1:
    version "1.5.1"
    resolved "https://registry.yarnpkg.com/base64-js/-/base64-js-1.5.1.tgz#1b1b440160a5bf7ad40b650f095963481903930a"
    integrity sha512-AKpaYlHn8t4SVbOHCy+b5+KKgvR4vrsD8vbvrbiQJps7fKDTkjkDry6ji0rUJjC0kzbNePLwzxq8iypo41qeWA==
  
  bn.js@^5.2.1:
    version "5.2.1"
    resolved "https://registry.yarnpkg.com/bn.js/-/bn.js-5.2.1.tgz#0bc527a6a0d18d0aa8d5b0538ce4a77dccfa7b70"
    integrity sha512-eXRvHzWyYPBuB4NBy0cmYQjGitUrtqwbvlzP3G6VFnNRbsZQIxQ10PbKKHt8gZ/HW/D/747aDl+QkDqg3KQLMQ==
  
  buffer@^6.0.1:
    version "6.0.3"
    resolved "https://registry.yarnpkg.com/buffer/-/buffer-6.0.3.tgz#2ace578459cc8fbe2a70aaa8f52ee63b6a74c6c6"
    integrity sha512-FTiCpNxtwiZZHEZbcbTIcZjERVICn9yq/pDFkTl95/AxzD1naBctN7YO68riM/gLSDY7sdrMby8hofADYuuqOA==
    dependencies:
      base64-js "^1.3.1"
      ieee754 "^1.2.1"
  
  bufferutil@^4.0.1:
    version "4.0.6"
    resolved "https://registry.yarnpkg.com/bufferutil/-/bufferutil-4.0.6.tgz#ebd6c67c7922a0e902f053e5d8be5ec850e48433"
    integrity sha512-jduaYOYtnio4aIAyc6UbvPCVcgq7nYpVnucyxr6eCYg/Woad9Hf/oxxBRDnGGjPfjUm6j5O/uBWhIu4iLebFaw==
    dependencies:
      node-gyp-build "^4.3.0"
  
  combined-stream@^1.0.8:
    version "1.0.8"
    resolved "https://registry.yarnpkg.com/combined-stream/-/combined-stream-1.0.8.tgz#c3d45a8b34fd730631a110a8a2520682b31d5a7f"
    integrity sha512-FQN4MRfuJeHf7cBbBMJFXhKSDq+2kAArBlmRBvcvFE5BB1HZKXtSFASDhdlz9zOYwxh8lDdnvmMOe/+5cdoEdg==
    dependencies:
      delayed-stream "~1.0.0"
  
  d@1, d@^1.0.1:
    version "1.0.1"
    resolved "https://registry.yarnpkg.com/d/-/d-1.0.1.tgz#8698095372d58dbee346ffd0c7093f99f8f9eb5a"
    integrity sha512-m62ShEObQ39CfralilEQRjH6oAMtNCV1xJyEx5LpRYUVN+EviphDgUc/F3hnYbADmkiNs67Y+3ylmlG7Lnu+FA==
    dependencies:
      es5-ext "^0.10.50"
      type "^1.0.1"
  
  data-uri-to-buffer@^4.0.0:
    version "4.0.0"
    resolved "https://registry.yarnpkg.com/data-uri-to-buffer/-/data-uri-to-buffer-4.0.0.tgz#b5db46aea50f6176428ac05b73be39a57701a64b"
    integrity sha512-Vr3mLBA8qWmcuschSLAOogKgQ/Jwxulv3RNE4FXnYWRGujzrRWQI4m12fQqRkwX06C0KanhLr4hK+GydchZsaA==
  
  debug@^2.2.0:
    version "2.6.9"
    resolved "https://registry.yarnpkg.com/debug/-/debug-2.6.9.tgz#5d128515df134ff327e90a4c93f4e077a536341f"
    integrity sha512-bC7ElrdJaJnPbAP+1EotYvqZsb3ecl5wi6Bfi6BJTUcNowp6cvspg0jXznRTKDjm/E7AdgFBVeAPVMNcKGsHMA==
    dependencies:
      ms "2.0.0"
  
  debug@^4.1.0:
    version "4.3.4"
    resolved "https://registry.yarnpkg.com/debug/-/debug-4.3.4.tgz#1319f6579357f2338d3337d2cdd4914bb5dcc865"
    integrity sha512-PRWFHuSU3eDtQJPvnNY7Jcket1j0t5OuOsFzPPzsekD52Zl8qUfFIPEiswXqIvHWGVHOgX+7G/vCNNhehwxfkQ==
    dependencies:
      ms "2.1.2"
  
  delayed-stream@~1.0.0:
    version "1.0.0"
    resolved "https://registry.yarnpkg.com/delayed-stream/-/delayed-stream-1.0.0.tgz#df3ae199acadfb7d440aaae0b29e2272b24ec619"
    integrity sha512-ZySD7Nf91aLB0RxL4KGrKHBXl7Eds1DAmEdcoVawXnLD7SDhpNgtuII2aAkg7a7QS41jxPSZ17p4VdGnMHk3MQ==
  
  ed2curve@^0.3.0:
    version "0.3.0"
    resolved "https://registry.yarnpkg.com/ed2curve/-/ed2curve-0.3.0.tgz#322b575152a45305429d546b071823a93129a05d"
    integrity sha512-8w2fmmq3hv9rCrcI7g9hms2pMunQr1JINfcjwR9tAyZqhtyaMN991lF/ZfHfr5tzZQ8c7y7aBgZbjfbd0fjFwQ==
    dependencies:
      tweetnacl "1.x.x"
  
  es5-ext@^0.10.35, es5-ext@^0.10.50:
    version "0.10.61"
    resolved "https://registry.yarnpkg.com/es5-ext/-/es5-ext-0.10.61.tgz#311de37949ef86b6b0dcea894d1ffedb909d3269"
    integrity sha512-yFhIqQAzu2Ca2I4SE2Au3rxVfmohU9Y7wqGR+s7+H7krk26NXhIRAZDgqd6xqjCEFUomDEA3/Bo/7fKmIkW1kA==
    dependencies:
      es6-iterator "^2.0.3"
      es6-symbol "^3.1.3"
      next-tick "^1.1.0"
  
  es6-iterator@^2.0.3:
    version "2.0.3"
    resolved "https://registry.yarnpkg.com/es6-iterator/-/es6-iterator-2.0.3.tgz#a7de889141a05a94b0854403b2d0a0fbfa98f3b7"
    integrity sha512-zw4SRzoUkd+cl+ZoE15A9o1oQd920Bb0iOJMQkQhl3jNc03YqVjAhG7scf9C5KWRU/R13Orf588uCC6525o02g==
    dependencies:
      d "1"
      es5-ext "^0.10.35"
      es6-symbol "^3.1.1"
  
  es6-symbol@^3.1.1, es6-symbol@^3.1.3:
    version "3.1.3"
    resolved "https://registry.yarnpkg.com/es6-symbol/-/es6-symbol-3.1.3.tgz#bad5d3c1bcdac28269f4cb331e431c78ac705d18"
    integrity sha512-NJ6Yn3FuDinBaBRWl/q5X/s4koRHBrgKAu+yGI6JCBeiu3qrcbJhwT2GeR/EXVfylRk8dpQVJoLEFhK+Mu31NA==
    dependencies:
      d "^1.0.1"
      ext "^1.1.2"
  
  eventemitter3@^4.0.7:
    version "4.0.7"
    resolved "https://registry.yarnpkg.com/eventemitter3/-/eventemitter3-4.0.7.tgz#2de9b68f6528d5644ef5c59526a1b4a07306169f"
    integrity sha512-8guHBZCwKnFhYdHr2ysuRWErTwhoN2X8XELRlrRwpmfeY2jjuUN4taQMsULKUVo1K4DvZl+0pgfyoysHxvmvEw==
  
  ext@^1.1.2:
    version "1.6.0"
    resolved "https://registry.yarnpkg.com/ext/-/ext-1.6.0.tgz#3871d50641e874cc172e2b53f919842d19db4c52"
    integrity sha512-sdBImtzkq2HpkdRLtlLWDa6w4DX22ijZLKx8BMPUuKe1c5lbN6xwQDQCxSfxBQnHZ13ls/FH0MQZx/q/gr6FQg==
    dependencies:
      type "^2.5.0"
  
  fetch-blob@^3.1.2, fetch-blob@^3.1.4:
    version "3.2.0"
    resolved "https://registry.yarnpkg.com/fetch-blob/-/fetch-blob-3.2.0.tgz#f09b8d4bbd45adc6f0c20b7e787e793e309dcce9"
    integrity sha512-7yAQpD2UMJzLi1Dqv7qFYnPbaPx7ZfFK6PiIxQ4PfkGPyNyl2Ugx+a/umUonmKqjhM4DnfbMvdX6otXq83soQQ==
    dependencies:
      node-domexception "^1.0.0"
      web-streams-polyfill "^3.0.3"
  
  follow-redirects@^1.14.9:
    version "1.15.1"
    resolved "https://registry.yarnpkg.com/follow-redirects/-/follow-redirects-1.15.1.tgz#0ca6a452306c9b276e4d3127483e29575e207ad5"
    integrity sha512-yLAMQs+k0b2m7cVxpS1VKJVvoz7SS9Td1zss3XRwXj+ZDH00RJgnuLx7E44wx02kQLrdM3aOOy+FpzS7+8OizA==
  
  form-data@^3.0.0:
    version "3.0.1"
    resolved "https://registry.yarnpkg.com/form-data/-/form-data-3.0.1.tgz#ebd53791b78356a99af9a300d4282c4d5eb9755f"
    integrity sha512-RHkBKtLWUVwd7SqRIvCZMEvAMoGUp0XU+seQiZejj0COz3RI3hWP4sCv3gZWWLjJTd7rGwcsF5eKZGii0r/hbg==
    dependencies:
      asynckit "^0.4.0"
      combined-stream "^1.0.8"
      mime-types "^2.1.12"
  
  form-data@^4.0.0:
    version "4.0.0"
    resolved "https://registry.yarnpkg.com/form-data/-/form-data-4.0.0.tgz#93919daeaf361ee529584b9b31664dc12c9fa452"
    integrity sha512-ETEklSGi5t0QMZuiXoA/Q6vcnxcLQP5vdugSpuAyi6SVGi2clPPp+xgEhuMaHC+zGgn31Kd235W35f7Hykkaww==
    dependencies:
      asynckit "^0.4.0"
      combined-stream "^1.0.8"
      mime-types "^2.1.12"
  
  formdata-polyfill@^4.0.10:
    version "4.0.10"
    resolved "https://registry.yarnpkg.com/formdata-polyfill/-/formdata-polyfill-4.0.10.tgz#24807c31c9d402e002ab3d8c720144ceb8848423"
    integrity sha512-buewHzMvYL29jdeQTVILecSaZKnt/RJWjoZCF5OW60Z67/GmSLBkOFM7qh1PI3zFNtJbaZL5eQu1vLfazOwj4g==
    dependencies:
      fetch-blob "^3.1.2"
  
  ieee754@^1.2.1:
    version "1.2.1"
    resolved "https://registry.yarnpkg.com/ieee754/-/ieee754-1.2.1.tgz#8eb7a10a63fff25d15a57b001586d177d1b0d352"
    integrity sha512-dcyqhDvX1C46lXZcVqCpK+FtMRQVdIMN6/Df5js2zouUsqG7I6sFxitIC+7KYK29KdXOLHdu9zL4sFnoVQnqaA==
  
  is-typedarray@^1.0.0:
    version "1.0.0"
    resolved "https://registry.yarnpkg.com/is-typedarray/-/is-typedarray-1.0.0.tgz#e479c80858df0c1b11ddda6940f96011fcda4a9a"
    integrity sha512-cyA56iCMHAh5CdzjJIa4aohJyeO1YbwLi3Jc35MmRU6poroFjIGZzUzupGiRPOjgHg9TLu43xbpwXk523fMxKA==
  
  json-stringify-safe@^5.0.1:
    version "5.0.1"
    resolved "https://registry.yarnpkg.com/json-stringify-safe/-/json-stringify-safe-5.0.1.tgz#1296a2d58fd45f19a0f6ce01d65701e2c735b6eb"
    integrity sha512-ZClg6AaYvamvYEE82d3Iyd3vSSIjQ+odgjaTzRuO3s7toCdFKczob2i0zCh7JE8kWn17yvAWhUVxvqGwUalsRA==
  
  lodash@^4.17.21:
    version "4.17.21"
    resolved "https://registry.yarnpkg.com/lodash/-/lodash-4.17.21.tgz#679591c564c3bffaae8454cf0b3df370c3d6911c"
    integrity sha512-v2kDEe57lecTulaDIuNTPy3Ry4gLGJ6Z1O3vE1krgXZNrsQ+LFTGHVxVjcXPs17LhbZVGedAJv8XZ1tvj5FvSg==
  
  mime-db@1.52.0:
    version "1.52.0"
    resolved "https://registry.yarnpkg.com/mime-db/-/mime-db-1.52.0.tgz#bbabcdc02859f4987301c856e3387ce5ec43bf70"
    integrity sha512-sPU4uV7dYlvtWJxwwxHD0PuihVNiE7TyAbQ5SWxDCB9mUYvOgroQOwYQQOKPJ8CIbE+1ETVlOoK1UC2nU3gYvg==
  
  mime-types@^2.1.12:
    version "2.1.35"
    resolved "https://registry.yarnpkg.com/mime-types/-/mime-types-2.1.35.tgz#381a871b62a734450660ae3deee44813f70d959a"
    integrity sha512-ZDY+bPm5zTTF+YpCrAU9nK0UgICYPT0QtT1NZWFv4s++TNkcgVaT0g6+4R2uI4MjQjzysHB1zxuWL50hzaeXiw==
    dependencies:
      mime-db "1.52.0"
  
  mock-socket@^9.1.5:
    version "9.1.5"
    resolved "https://registry.yarnpkg.com/mock-socket/-/mock-socket-9.1.5.tgz#2c4e44922ad556843b6dfe09d14ed8041fa2cdeb"
    integrity sha512-3DeNIcsQixWHHKk6NdoBhWI4t1VMj5/HzfnI1rE/pLl5qKx7+gd4DNA07ehTaZ6MoUU053si6Hd+YtiM/tQZfg==
  
  ms@2.0.0:
    version "2.0.0"
    resolved "https://registry.yarnpkg.com/ms/-/ms-2.0.0.tgz#5608aeadfc00be6c2901df5f9861788de0d597c8"
    integrity sha512-Tpp60P6IUJDTuOq/5Z8cdskzJujfwqfOTkrwIwj7IRISpnkJnT6SyJ4PCPnGMoFjC9ddhal5KVIYtAt97ix05A==
  
  ms@2.1.2:
    version "2.1.2"
    resolved "https://registry.yarnpkg.com/ms/-/ms-2.1.2.tgz#d09d1f357b443f493382a8eb3ccd183872ae6009"
    integrity sha512-sGkPx+VjMtmA6MX27oA4FBFELFCZZ4S4XqeGOXCv68tT+jb3vk/RyaKWP0PTKyWtmLSM0b+adUTEvbs1PEaH2w==
  
  next-tick@^1.1.0:
    version "1.1.0"
    resolved "https://registry.yarnpkg.com/next-tick/-/next-tick-1.1.0.tgz#1836ee30ad56d67ef281b22bd199f709449b35eb"
    integrity sha512-CXdUiJembsNjuToQvxayPZF9Vqht7hewsvy2sOWafLvi2awflj9mOC6bHIg50orX8IJvWKY9wYQ/zB2kogPslQ==
  
  nock@^13.2.8:
    version "13.2.8"
    resolved "https://registry.yarnpkg.com/nock/-/nock-13.2.8.tgz#e2043ccaa8e285508274575e090a7fe1e46b90f1"
    integrity sha512-JT42FrXfQRpfyL4cnbBEJdf4nmBpVP0yoCcSBr+xkT8Q1y3pgtaCKHGAAOIFcEJ3O3t0QbVAmid0S0f2bj3Wpg==
    dependencies:
      debug "^4.1.0"
      json-stringify-safe "^5.0.1"
      lodash "^4.17.21"
      propagate "^2.0.0"
  
  node-domexception@^1.0.0:
    version "1.0.0"
    resolved "https://registry.yarnpkg.com/node-domexception/-/node-domexception-1.0.0.tgz#6888db46a1f71c0b76b3f7555016b63fe64766e5"
    integrity sha512-/jKZoMpw0F8GRwl4/eLROPA3cfcXtLApP0QzLmUT/HuPCZWyB7IY9ZrMeKw2O/nFIqPQB3PVM9aYm0F312AXDQ==
  
  node-fetch@^3.2.6:
    version "3.2.6"
    resolved "https://registry.yarnpkg.com/node-fetch/-/node-fetch-3.2.6.tgz#6d4627181697a9d9674aae0d61548e0d629b31b9"
    integrity sha512-LAy/HZnLADOVkVPubaxHDft29booGglPFDr2Hw0J1AercRh01UiVFm++KMDnJeH9sHgNB4hsXPii7Sgym/sTbw==
    dependencies:
      data-uri-to-buffer "^4.0.0"
      fetch-blob "^3.1.4"
      formdata-polyfill "^4.0.10"
  
  node-gyp-build@^4.3.0:
    version "4.5.0"
    resolved "https://registry.yarnpkg.com/node-gyp-build/-/node-gyp-build-4.5.0.tgz#7a64eefa0b21112f89f58379da128ac177f20e40"
    integrity sha512-2iGbaQBV+ITgCz76ZEjmhUKAKVf7xfY1sRl4UiKQspfZMH2h06SyhNsnSVy50cwkFQDGLyif6m/6uFXHkOZ6rg==
  
  pako@^2.0.4:
    version "2.0.4"
    resolved "https://registry.yarnpkg.com/pako/-/pako-2.0.4.tgz#6cebc4bbb0b6c73b0d5b8d7e8476e2b2fbea576d"
    integrity sha512-v8tweI900AUkZN6heMU/4Uy4cXRc2AYNRggVmTR+dEncawDJgCdLMximOVA2p4qO57WMynangsfGRb5WD6L1Bg==
  
  propagate@^2.0.0:
    version "2.0.1"
    resolved "https://registry.yarnpkg.com/propagate/-/propagate-2.0.1.tgz#40cdedab18085c792334e64f0ac17256d38f9a45"
    integrity sha512-vGrhOavPSTz4QVNuBNdcNXePNdNMaO1xj9yBeH1ScQPjk/rhg9sSlCXPhMkFuaNNW/syTvYqsnbIJxMBfRbbag==
  
  regenerator-runtime@^0.13.4:
    version "0.13.9"
    resolved "https://registry.yarnpkg.com/regenerator-runtime/-/regenerator-runtime-0.13.9.tgz#8925742a98ffd90814988d7566ad30ca3b263b52"
    integrity sha512-p3VT+cOEgxFsRRA9X4lkI1E+k2/CtnKtU4gcxyaCUreilL/vqI6CdZ3wxVUx3UOUg+gnUOQQcRI7BmSI656MYA==
  
  rxjs@^7.5.5:
    version "7.5.5"
    resolved "https://registry.yarnpkg.com/rxjs/-/rxjs-7.5.5.tgz#2ebad89af0f560f460ad5cc4213219e1f7dd4e9f"
    integrity sha512-sy+H0pQofO95VDmFLzyaw9xNJU4KTRSwQIGM6+iG3SypAtCiLDzpeG8sJrNCWn2Up9km+KhkvTdbkrdy+yzZdw==
    dependencies:
      tslib "^2.1.0"
  
  tslib@^2.1.0:
    version "2.4.0"
    resolved "https://registry.yarnpkg.com/tslib/-/tslib-2.4.0.tgz#7cecaa7f073ce680a05847aa77be941098f36dc3"
    integrity sha512-d6xOpEDfsi2CZVlPQzGeux8XMwLT9hssAsaPYExaQMuYskwb+x1x7J371tWlbBdWHroy99KnVB6qIkUbs5X3UQ==
  
  tweetnacl@1.x.x, tweetnacl@^1.0.3:
    version "1.0.3"
    resolved "https://registry.yarnpkg.com/tweetnacl/-/tweetnacl-1.0.3.tgz#ac0af71680458d8a6378d0d0d050ab1407d35596"
    integrity sha512-6rt+RN7aOi1nGMyC4Xa5DdYiukl2UWCbcJft7YhxReBGQD7OAM8Pbxw6YMo4r2diNEA8FEmu32YOn9rhaiE5yw==
  
  type@^1.0.1:
    version "1.2.0"
    resolved "https://registry.yarnpkg.com/type/-/type-1.2.0.tgz#848dd7698dafa3e54a6c479e759c4bc3f18847a0"
    integrity sha512-+5nt5AAniqsCnu2cEQQdpzCAh33kVx8n0VoFidKpB1dVVLAN/F+bgVOqOJqOnEnrhp222clB5p3vUlD+1QAnfg==
  
  type@^2.5.0:
    version "2.6.0"
    resolved "https://registry.yarnpkg.com/type/-/type-2.6.0.tgz#3ca6099af5981d36ca86b78442973694278a219f"
    integrity sha512-eiDBDOmkih5pMbo9OqsqPRGMljLodLcwd5XD5JbtNB0o89xZAwynY9EdCDsJU7LtcVCClu9DvM7/0Ep1hYX3EQ==
  
  typedarray-to-buffer@^3.1.5:
    version "3.1.5"
    resolved "https://registry.yarnpkg.com/typedarray-to-buffer/-/typedarray-to-buffer-3.1.5.tgz#a97ee7a9ff42691b9f783ff1bc5112fe3fca9080"
    integrity sha512-zdu8XMNEDepKKR+XYOXAVPtWui0ly0NtohUscw+UmaHiAWT8hrV1rr//H6V+0DvJ3OQ19S979M0laLfX8rm82Q==
    dependencies:
      is-typedarray "^1.0.0"
  
  utf-8-validate@^5.0.2:
    version "5.0.9"
    resolved "https://registry.yarnpkg.com/utf-8-validate/-/utf-8-validate-5.0.9.tgz#ba16a822fbeedff1a58918f2a6a6b36387493ea3"
    integrity sha512-Yek7dAy0v3Kl0orwMlvi7TPtiCNrdfHNd7Gcc/pLq4BLXqfAmd0J7OWMizUQnTTJsyjKn02mU7anqwfmUP4J8Q==
    dependencies:
      node-gyp-build "^4.3.0"
  
  web-streams-polyfill@^3.0.3:
    version "3.2.1"
    resolved "https://registry.yarnpkg.com/web-streams-polyfill/-/web-streams-polyfill-3.2.1.tgz#71c2718c52b45fd49dbeee88634b3a60ceab42a6"
    integrity sha512-e0MO3wdXWKrLbL0DgGnUV7WHVuw9OUvL4hjgnPkIeEvESk74gAITi5G606JtZPp39cd8HA9VQzCIvA49LpPN5Q==
  
  websocket@^1.0.32, websocket@^1.0.34:
    version "1.0.34"
    resolved "https://registry.yarnpkg.com/websocket/-/websocket-1.0.34.tgz#2bdc2602c08bf2c82253b730655c0ef7dcab3111"
    integrity sha512-PRDso2sGwF6kM75QykIesBijKSVceR6jL2G8NGYyq2XrItNC2P5/qL5XeR056GhA+Ly7JMFvJb9I312mJfmqnQ==
    dependencies:
      bufferutil "^4.0.1"
      debug "^2.2.0"
      es5-ext "^0.10.50"
      typedarray-to-buffer "^3.1.5"
      utf-8-validate "^5.0.2"
      yaeti "^0.0.6"
  
  yaeti@^0.0.6:
    version "0.0.6"
    resolved "https://registry.yarnpkg.com/yaeti/-/yaeti-0.0.6.tgz#f26f484d72684cf42bedfb76970aa1608fbf9577"
    integrity sha512-MvQa//+KcZCUkBTIC9blM+CU9J2GzuTytsOUwf2lidtvkx/6gnEp1QvJv34t9vdjhFmha/mUiNDbN0D0mJWdug==
